{"target": 22.833293321092242, "params": {"localAreaDensity": 0.01}, "datetime": {"datetime": "2020-04-18 15:07:14", "elapsed": 0.0, "delta": 0.0}}
{"target": 58.88017198533782, "params": {"localAreaDensity": 0.02}, "datetime": {"datetime": "2020-04-18 15:08:59", "elapsed": 104.746391, "delta": 104.746391}}
{"target": 60.01198253018521, "params": {"localAreaDensity": 0.03}, "datetime": {"datetime": "2020-04-18 15:11:02", "elapsed": 227.813031, "delta": 123.06664}}
{"target": 55.2961498036049, "params": {"localAreaDensity": 0.04}, "datetime": {"datetime": "2020-04-18 15:13:18", "elapsed": 364.110393, "delta": 136.297362}}
{"target": 55.190696269558714, "params": {"localAreaDensity": 0.05}, "datetime": {"datetime": "2020-04-18 15:16:21", "elapsed": 547.054868, "delta": 182.944475}}
{"target": 54.19699819380894, "params": {"localAreaDensity": 0.06}, "datetime": {"datetime": "2020-04-18 15:19:20", "elapsed": 725.968762, "delta": 178.913894}}
{"target": 52.711451508853486, "params": {"localAreaDensity": 0.07}, "datetime": {"datetime": "2020-04-18 15:22:36", "elapsed": 921.954823, "delta": 195.986061}}
{"target": 52.90242273894023, "params": {"localAreaDensity": 0.08}, "datetime": {"datetime": "2020-04-18 15:26:16", "elapsed": 1142.108687, "delta": 220.153864}}
{"target": 51.93945922143362, "params": {"localAreaDensity": 0.09}, "datetime": {"datetime": "2020-04-18 15:30:14", "elapsed": 1380.174091, "delta": 238.065404}}
{"target": 49.75311861620768, "params": {"localAreaDensity": 0.1}, "datetime": {"datetime": "2020-04-18 15:34:42", "elapsed": 1647.756131, "delta": 267.58204}}
{"target": 50.625185308191924, "params": {"localAreaDensity": 0.11}, "datetime": {"datetime": "2020-04-18 15:39:11", "elapsed": 1917.344816, "delta": 269.588685}}
{"target": 50.084357156507544, "params": {"localAreaDensity": 0.12}, "datetime": {"datetime": "2020-04-18 15:44:18", "elapsed": 2224.106977, "delta": 306.762161}}
{"target": 49.838563812726065, "params": {"localAreaDensity": 0.13}, "datetime": {"datetime": "2020-04-18 15:49:53", "elapsed": 2558.476344, "delta": 334.369367}}
{"target": 49.731473182319476, "params": {"localAreaDensity": 0.14}, "datetime": {"datetime": "2020-04-18 15:56:02", "elapsed": 2927.883685, "delta": 369.407341}}
{"target": 50.83204049641062, "params": {"localAreaDensity": 0.15}, "datetime": {"datetime": "2020-04-18 16:02:35", "elapsed": 3321.040546, "delta": 393.156861}}
{"target": 49.52910934821794, "params": {"localAreaDensity": 0.16}, "datetime": {"datetime": "2020-04-18 16:09:45", "elapsed": 3750.981574, "delta": 429.941028}}
{"target": 49.23629084257147, "params": {"localAreaDensity": 0.17}, "datetime": {"datetime": "2020-04-18 16:17:43", "elapsed": 4228.49981, "delta": 477.518236}}
{"target": 47.79929970671348, "params": {"localAreaDensity": 0.18}, "datetime": {"datetime": "2020-04-18 16:25:52", "elapsed": 4717.904289, "delta": 489.404479}}
{"target": 48.51005804947227, "params": {"localAreaDensity": 0.19}, "datetime": {"datetime": "2020-04-18 16:34:23", "elapsed": 5229.421161, "delta": 511.516872}}
{"target": 45.42708096011315, "params": {"localAreaDensity": 0.2}, "datetime": {"datetime": "2020-04-18 16:43:28", "elapsed": 5773.910534, "delta": 544.489373}}
{"target": 44.36810595114821, "params": {"localAreaDensity": 0.21}, "datetime": {"datetime": "2020-04-18 16:52:51", "elapsed": 6336.543252, "delta": 562.632718}}
{"target": 40.66533306662961, "params": {"localAreaDensity": 0.22}, "datetime": {"datetime": "2020-04-18 17:02:46", "elapsed": 6931.685033, "delta": 595.141781}}
{"target": 40.11376884395393, "params": {"localAreaDensity": 0.23}, "datetime": {"datetime": "2020-04-18 17:13:21", "elapsed": 7566.924862, "delta": 635.239829}}
{"target": 39.970475465512685, "params": {"localAreaDensity": 0.24}, "datetime": {"datetime": "2020-04-18 17:24:18", "elapsed": 8223.547584, "delta": 656.622722}}
{"target": 39.970475465512685, "params": {"localAreaDensity": 0.24}, "datetime": {"datetime": "2020-04-18 17:43:02", "elapsed": 0.0, "delta": 0.0}}
{"target": 59.46967363939657, "params": {"localAreaDensity": 0.021}, "datetime": {"datetime": "2020-04-18 17:44:49", "elapsed": 106.923758, "delta": 106.923758}}
{"target": 58.21380962519625, "params": {"localAreaDensity": 0.022}, "datetime": {"datetime": "2020-04-18 17:46:34", "elapsed": 211.688921, "delta": 104.765163}}
{"target": 58.49802525627447, "params": {"localAreaDensity": 0.023}, "datetime": {"datetime": "2020-04-18 17:48:20", "elapsed": 318.636002, "delta": 106.947081}}
{"target": 59.00864422938262, "params": {"localAreaDensity": 0.024}, "datetime": {"datetime": "2020-04-18 17:50:11", "elapsed": 429.211474, "delta": 110.575472}}
{"target": 60.412511290050276, "params": {"localAreaDensity": 0.025}, "datetime": {"datetime": "2020-04-18 17:52:03", "elapsed": 541.534286, "delta": 112.322812}}
{"target": 59.742159056140956, "params": {"localAreaDensity": 0.026}, "datetime": {"datetime": "2020-04-18 17:53:56", "elapsed": 653.829556, "delta": 112.29527}}
{"target": 60.41389261023964, "params": {"localAreaDensity": 0.027}, "datetime": {"datetime": "2020-04-18 17:55:49", "elapsed": 767.218609, "delta": 113.389053}}
{"target": 60.12471567264365, "params": {"localAreaDensity": 0.028}, "datetime": {"datetime": "2020-04-18 17:57:47", "elapsed": 885.14419, "delta": 117.925581}}
{"target": 59.176147772247305, "params": {"localAreaDensity": 0.029}, "datetime": {"datetime": "2020-04-18 17:59:46", "elapsed": 1003.915427, "delta": 118.771237}}
{"target": 59.176147772247305, "params": {"localAreaDensity": 0.029}, "datetime": {"datetime": "2020-04-18 17:59:46", "elapsed": 1003.915868, "delta": 0.000441}}
{"target": 58.308474689761915, "params": {"localAreaDensity": 0.031}, "datetime": {"datetime": "2020-04-18 18:01:47", "elapsed": 1125.069981, "delta": 121.154113}}
{"target": 59.299371101071976, "params": {"localAreaDensity": 0.032}, "datetime": {"datetime": "2020-04-18 18:03:51", "elapsed": 1249.583447, "delta": 124.513466}}
{"target": 58.33716954515695, "params": {"localAreaDensity": 0.033}, "datetime": {"datetime": "2020-04-18 18:05:51", "elapsed": 1369.250758, "delta": 119.667311}}
{"target": 56.91753050658697, "params": {"localAreaDensity": 0.034}, "datetime": {"datetime": "2020-04-18 18:07:51", "elapsed": 1489.02511, "delta": 119.774352}}
{"target": 57.261087692535355, "params": {"localAreaDensity": 0.035}, "datetime": {"datetime": "2020-04-18 18:09:53", "elapsed": 1611.358345, "delta": 122.333235}}
{"target": 55.40398789278789, "params": {"localAreaDensity": 0.036}, "datetime": {"datetime": "2020-04-18 18:11:58", "elapsed": 1735.885013, "delta": 124.526668}}
{"target": 56.65223702029908, "params": {"localAreaDensity": 0.037}, "datetime": {"datetime": "2020-04-18 18:14:10", "elapsed": 1868.141115, "delta": 132.256102}}
{"target": 56.45933493018643, "params": {"localAreaDensity": 0.038}, "datetime": {"datetime": "2020-04-18 18:16:23", "elapsed": 2001.008618, "delta": 132.867503}}
{"target": 56.219130838987226, "params": {"localAreaDensity": 0.039}, "datetime": {"datetime": "2020-04-18 18:18:38", "elapsed": 2135.849104, "delta": 134.840486}}
{"target": 56.219130838987226, "params": {"localAreaDensity": 0.039}, "datetime": {"datetime": "2020-04-18 18:18:38", "elapsed": 2135.850232, "delta": 0.001128}}
{"target": 52.53837140419373, "params": {"localAreaDensity": 0.06838308065836035}, "datetime": {"datetime": "2020-04-18 18:21:56", "elapsed": 2333.9967, "delta": 198.146468}}
{"target": 50.52637763010293, "params": {"localAreaDensity": 0.11084542908190212}, "datetime": {"datetime": "2020-04-18 18:26:45", "elapsed": 2623.654801, "delta": 289.658101}}
{"target": 22.833293321092242, "params": {"localAreaDensity": 0.010016012474428284}, "datetime": {"datetime": "2020-04-18 18:28:09", "elapsed": 2707.298262, "delta": 83.643461}}
{"target": 53.4104050215026, "params": {"localAreaDensity": 0.05232656016845757}, "datetime": {"datetime": "2020-04-18 18:30:48", "elapsed": 2866.257544, "delta": 158.959282}}
{"target": 59.110687473692195, "params": {"localAreaDensity": 0.030545824714395826}, "datetime": {"datetime": "2020-04-18 18:32:41", "elapsed": 2979.082051, "delta": 112.824507}}
{"target": 57.74269433839497, "params": {"localAreaDensity": 0.02292740326763169}, "datetime": {"datetime": "2020-04-18 18:34:21", "elapsed": 3079.332388, "delta": 100.250337}}
{"target": 55.40398789278789, "params": {"localAreaDensity": 0.036076429592873924}, "datetime": {"datetime": "2020-04-18 18:36:32", "elapsed": 3210.076904, "delta": 130.744516}}
{"target": 53.329425241856526, "params": {"localAreaDensity": 0.05837850178602668}, "datetime": {"datetime": "2020-04-18 18:39:25", "elapsed": 3383.014889, "delta": 172.937985}}
{"target": 51.71364419420084, "params": {"localAreaDensity": 0.06554744639229379}, "datetime": {"datetime": "2020-04-18 18:42:38", "elapsed": 3576.445549, "delta": 193.43066}}
{"target": 52.39616645811785, "params": {"localAreaDensity": 0.08543434276046996}, "datetime": {"datetime": "2020-04-18 18:46:43", "elapsed": 3821.173203, "delta": 244.727654}}
{"target": 52.53837140419373, "params": {"localAreaDensity": 0.06868723201646126}, "datetime": {"datetime": "2020-04-18 18:50:03", "elapsed": 4020.89139, "delta": 199.718187}}
{"target": 49.7237453409256, "params": {"localAreaDensity": 0.10593073005554632}, "datetime": {"datetime": "2020-04-18 18:54:50", "elapsed": 4308.35255, "delta": 287.46116}}
{"target": 56.219130838987226, "params": {"localAreaDensity": 0.03862331496241244}, "datetime": {"datetime": "2020-04-18 18:56:59", "elapsed": 4436.876332, "delta": 128.523782}}
{"target": 50.296961863348564, "params": {"localAreaDensity": 0.13293644109473235}, "datetime": {"datetime": "2020-04-18 19:02:23", "elapsed": 4761.343096, "delta": 324.466764}}
{"target": 52.92823804408777, "params": {"localAreaDensity": 0.013834263047709662}, "datetime": {"datetime": "2020-04-18 19:03:49", "elapsed": 4847.518002, "delta": 86.174906}}
{"target": 50.08798874424521, "params": {"localAreaDensity": 0.1038654514249763}, "datetime": {"datetime": "2020-04-18 19:08:26", "elapsed": 5124.082299, "delta": 276.564297}}
{"target": 52.53837140419373, "params": {"localAreaDensity": 0.06842267233139777}, "datetime": {"datetime": "2020-04-18 19:11:49", "elapsed": 5327.680051, "delta": 203.597752}}
{"target": 51.86642871404775, "params": {"localAreaDensity": 0.08821657598240522}, "datetime": {"datetime": "2020-04-18 19:16:04", "elapsed": 5581.798729, "delta": 254.118678}}
{"target": 59.65975714294881, "params": {"localAreaDensity": 0.02965417140333273}, "datetime": {"datetime": "2020-04-18 19:18:02", "elapsed": 5699.914632, "delta": 118.115903}}
{"target": 56.45933493018643, "params": {"localAreaDensity": 0.03773420847188303}, "datetime": {"datetime": "2020-04-18 19:20:14", "elapsed": 5832.317229, "delta": 132.402597}}
{"target": 58.83930454042818, "params": {"localAreaDensity": 0.023448819826391486}, "datetime": {"datetime": "2020-04-18 19:22:00", "elapsed": 5938.11904, "delta": 105.801811}}
{"target": 59.96405308098583, "params": {"localAreaDensity": 0.027462059263636037}, "datetime": {"datetime": "2020-04-18 19:23:54", "elapsed": 6052.403042, "delta": 114.284002}}
{"target": 57.15817705879667, "params": {"localAreaDensity": 0.024651418760731604}, "datetime": {"datetime": "2020-04-18 19:25:43", "elapsed": 6161.197653, "delta": 108.794611}}
{"target": 60.412511290050276, "params": {"localAreaDensity": 0.02536498583793103}, "datetime": {"datetime": "2020-04-18 19:27:33", "elapsed": 6271.55407, "delta": 110.356417}}
{"target": 60.412511290050276, "params": {"localAreaDensity": 0.02515718189741161}, "datetime": {"datetime": "2020-04-18 19:29:24", "elapsed": 6381.8245, "delta": 110.27043}}
{"target": 57.99425754293431, "params": {"localAreaDensity": 0.025639329485388607}, "datetime": {"datetime": "2020-04-18 19:31:14", "elapsed": 6491.887514, "delta": 110.063014}}
{"target": 60.23457004912143, "params": {"localAreaDensity": 0.02640225632329366}, "datetime": {"datetime": "2020-04-18 19:33:11", "elapsed": 6609.242829, "delta": 117.355315}}
{"target": 60.23457004912143, "params": {"localAreaDensity": 0.02676221562835749}, "datetime": {"datetime": "2020-04-18 19:35:04", "elapsed": 6722.652756, "delta": 113.409927}}
{"target": 59.96405308098583, "params": {"localAreaDensity": 0.02777722918356492}, "datetime": {"datetime": "2020-04-18 19:36:59", "elapsed": 6836.760291, "delta": 114.107535}}
{"target": 59.742159056140956, "params": {"localAreaDensity": 0.026211584235306416}, "datetime": {"datetime": "2020-04-18 19:38:50", "elapsed": 6948.583108, "delta": 111.822817}}
{"target": 60.41389261023964, "params": {"localAreaDensity": 0.027188569404959645}, "datetime": {"datetime": "2020-04-18 19:40:44", "elapsed": 7062.479073, "delta": 113.895965}}
{"target": 60.23457004912143, "params": {"localAreaDensity": 0.026570228392187964}, "datetime": {"datetime": "2020-04-18 19:42:36", "elapsed": 7174.626109, "delta": 112.147036}}
{"target": 60.412511290050276, "params": {"localAreaDensity": 0.025283447810130196}, "datetime": {"datetime": "2020-04-18 19:44:27", "elapsed": 7285.181314, "delta": 110.555205}}
{"target": 60.41389261023964, "params": {"localAreaDensity": 0.02710184392910263}, "datetime": {"datetime": "2020-04-18 19:46:21", "elapsed": 7399.579675, "delta": 114.398361}}
{"target": 60.412511290050276, "params": {"localAreaDensity": 0.025076462881559056}, "datetime": {"datetime": "2020-04-18 19:48:11", "elapsed": 7509.621774, "delta": 110.042099}}
{"target": 60.41389261023964, "params": {"localAreaDensity": 0.026898038596341857}, "datetime": {"datetime": "2020-04-18 19:50:04", "elapsed": 7622.6131, "delta": 112.991326}}
{"target": 60.01198253018521, "params": {"localAreaDensity": 0.030204176604833807}, "datetime": {"datetime": "2020-04-18 19:52:03", "elapsed": 7740.814165, "delta": 118.201065}}
{"target": 60.41389261023964, "params": {"localAreaDensity": 0.02727656504407773}, "datetime": {"datetime": "2020-04-18 19:53:53", "elapsed": 7851.009945, "delta": 110.19578}}
{"target": 60.412511290050276, "params": {"localAreaDensity": 0.025331869540324903}, "datetime": {"datetime": "2020-04-18 19:55:39", "elapsed": 7957.175418, "delta": 106.165473}}
{"target": 59.65975714294881, "params": {"localAreaDensity": 0.029323444229360784}, "datetime": {"datetime": "2020-04-18 19:57:32", "elapsed": 8069.980474, "delta": 112.805056}}
{"target": 60.412511290050276, "params": {"localAreaDensity": 0.025209241607131817}, "datetime": {"datetime": "2020-04-18 19:59:22", "elapsed": 8180.12921, "delta": 110.148736}}
{"target": 60.41389261023964, "params": {"localAreaDensity": 0.02694502091580611}, "datetime": {"datetime": "2020-04-18 20:01:16", "elapsed": 8294.118371, "delta": 113.989161}}
{"target": 60.41389261023964, "params": {"localAreaDensity": 0.02723835358571025}, "datetime": {"datetime": "2020-04-18 20:03:10", "elapsed": 8408.587472, "delta": 114.469101}}
{"target": 60.41389261023964, "params": {"localAreaDensity": 0.02705204896140454}, "datetime": {"datetime": "2020-04-18 20:05:04", "elapsed": 8522.223908, "delta": 113.636436}}
{"target": 60.412511290050276, "params": {"localAreaDensity": 0.025026284440464862}, "datetime": {"datetime": "2020-04-18 20:06:54", "elapsed": 8632.33323, "delta": 110.109322}}
{"target": 60.41389261023964, "params": {"localAreaDensity": 0.027142220421883953}, "datetime": {"datetime": "2020-04-18 20:08:46", "elapsed": 8744.19733, "delta": 111.8641}}
{"target": 60.12471567264365, "params": {"localAreaDensity": 0.028197607510606508}, "datetime": {"datetime": "2020-04-18 20:10:43", "elapsed": 8860.866794, "delta": 116.669464}}
{"target": 59.93644221409567, "params": {"localAreaDensity": 0.02845798549512405}, "datetime": {"datetime": "2020-04-18 20:12:39", "elapsed": 8977.25185, "delta": 116.385056}}
{"target": 60.0169114310209, "params": {"localAreaDensity": 0.020698293719835288}, "datetime": {"datetime": "2020-04-18 20:14:20", "elapsed": 9078.137651, "delta": 100.885801}}
{"target": 58.391760043325576, "params": {"localAreaDensity": 0.020421330506690906}, "datetime": {"datetime": "2020-04-18 20:16:01", "elapsed": 9178.95165, "delta": 100.813999}}
{"target": 60.0169114310209, "params": {"localAreaDensity": 0.020835922041868647}, "datetime": {"datetime": "2020-04-18 20:17:42", "elapsed": 9280.036961, "delta": 101.085311}}
{"target": 60.412511290050276, "params": {"localAreaDensity": 0.02511610060585418}, "datetime": {"datetime": "2020-04-18 20:19:28", "elapsed": 9386.598693, "delta": 106.561732}}
{"target": 60.412511290050276, "params": {"localAreaDensity": 0.02524141832098663}, "datetime": {"datetime": "2020-04-18 20:21:12", "elapsed": 9490.411697, "delta": 103.813004}}
{"target": 60.41389261023964, "params": {"localAreaDensity": 0.02731107852125065}, "datetime": {"datetime": "2020-04-18 20:22:57", "elapsed": 9595.648309, "delta": 105.236612}}
{"target": 60.41389261023964, "params": {"localAreaDensity": 0.026919095079929622}, "datetime": {"datetime": "2020-04-18 20:24:48", "elapsed": 9706.422319, "delta": 110.77401}}
{"target": 60.41389261023964, "params": {"localAreaDensity": 0.02686777085626106}, "datetime": {"datetime": "2020-04-18 20:26:41", "elapsed": 9818.783982, "delta": 112.361663}}
{"target": 60.23457004912143, "params": {"localAreaDensity": 0.0264766856891891}, "datetime": {"datetime": "2020-04-18 20:28:32", "elapsed": 9930.652131, "delta": 111.868149}}
{"target": 60.41389261023964, "params": {"localAreaDensity": 0.027025408366184347}, "datetime": {"datetime": "2020-04-18 20:30:25", "elapsed": 10043.673959, "delta": 113.021828}}
{"target": 60.41389261023964, "params": {"localAreaDensity": 0.027213438544788665}, "datetime": {"datetime": "2020-04-18 20:32:19", "elapsed": 10156.733011, "delta": 113.059052}}
{"target": 60.41389261023964, "params": {"localAreaDensity": 0.026973422227557983}, "datetime": {"datetime": "2020-04-18 20:34:12", "elapsed": 10270.319139, "delta": 113.586128}}
{"target": 60.41389261023964, "params": {"localAreaDensity": 0.027300046345357584}, "datetime": {"datetime": "2020-04-18 20:36:06", "elapsed": 10384.128728, "delta": 113.809589}}
{"target": 60.41389261023964, "params": {"localAreaDensity": 0.027080477025124824}, "datetime": {"datetime": "2020-04-18 20:37:59", "elapsed": 10497.399306, "delta": 113.270578}}
{"target": 60.412511290050276, "params": {"localAreaDensity": 0.025343009431983195}, "datetime": {"datetime": "2020-04-18 20:39:52", "elapsed": 10609.730062, "delta": 112.330756}}
{"target": 60.41389261023964, "params": {"localAreaDensity": 0.02717501350854213}, "datetime": {"datetime": "2020-04-18 20:41:47", "elapsed": 10725.580884, "delta": 115.850822}}
{"target": 60.41389261023964, "params": {"localAreaDensity": 0.026880168945575565}, "datetime": {"datetime": "2020-04-18 20:43:42", "elapsed": 10840.422823, "delta": 114.841939}}
{"target": 60.412511290050276, "params": {"localAreaDensity": 0.025175244716267954}, "datetime": {"datetime": "2020-04-18 20:45:31", "elapsed": 10949.288744, "delta": 108.865921}}
{"target": 60.41389261023964, "params": {"localAreaDensity": 0.02725681619463676}, "datetime": {"datetime": "2020-04-18 20:47:23", "elapsed": 11061.678377, "delta": 112.389633}}
{"target": 60.41389261023964, "params": {"localAreaDensity": 0.027122898475311963}, "datetime": {"datetime": "2020-04-18 20:49:18", "elapsed": 11176.152445, "delta": 114.474068}}
{"target": 60.412511290050276, "params": {"localAreaDensity": 0.025013077253047022}, "datetime": {"datetime": "2020-04-18 20:51:06", "elapsed": 11284.563495, "delta": 108.41105}}
{"target": 60.412511290050276, "params": {"localAreaDensity": 0.025049634479368352}, "datetime": {"datetime": "2020-04-18 20:52:55", "elapsed": 11392.700405, "delta": 108.13691}}
